{
  "numFailedTestSuites": 0,
  "numFailedTests": 0,
  "numPassedTestSuites": 1,
  "numPassedTests": 1,
  "numPendingTestSuites": 0,
  "numPendingTests": 0,
  "numRuntimeErrorTestSuites": 0,
  "numTodoTests": 0,
  "numTotalTestSuites": 1,
  "numTotalTests": 1,
  "openHandles": [],
  "snapshot": {
    "added": 0,
    "didUpdate": false,
    "failure": false,
    "filesAdded": 0,
    "filesRemoved": 0,
    "filesRemovedList": [],
    "filesUnmatched": 0,
    "filesUpdated": 0,
    "matched": 0,
    "total": 0,
    "unchecked": 0,
    "uncheckedKeysByFile": [],
    "unmatched": 0,
    "updated": 0
  },
  "startTime": 1601208831020,
  "success": true,
  "testResults": [
    {
      "leaks": false,
      "numFailingTests": 0,
      "numPassingTests": 1,
      "numPendingTests": 0,
      "numTodoTests": 0,
      "openHandles": [],
      "perfStats": {
        "end": 1601208839347,
        "runtime": 5539,
        "slow": true,
        "start": 1601208833808
      },
      "skipped": false,
      "snapshot": {
        "added": 0,
        "fileDeleted": false,
        "matched": 0,
        "unchecked": 0,
        "unmatched": 0,
        "updated": 0,
        "uncheckedKeys": []
      },
      "testFilePath": "C:\\Users\\dasom\\workspace\\tdd\\tdd-web\\src\\pages\\HomePage.test.js",
      "testResults": [
        {
          "ancestorTitles": [
            "<HomePage />"
          ],
          "duration": 61,
          "failureDetails": [],
          "failureMessages": [],
          "fullName": "<HomePage /> render",
          "location": null,
          "numPassingAsserts": 0,
          "status": "passed",
          "title": "render"
        }
      ],
      "failureMessage": null
    }
  ],
  "wasInterrupted": false
}